#
# A fatal error has been detected by the Java Runtime Environment:
#
#  Internal Error (./open/src/hotspot/share/interpreter/oopMapCache.cpp:111), pid=18232, tid=1552
#  Error: ShouldNotReachHere()
#
# JRE version: OpenJDK Runtime Environment (14.0.2+12) (build 14.0.2+12-46)
# Java VM: OpenJDK 64-Bit Server VM (14.0.2+12-46, mixed mode, tiered, compressed oops, g1 gc, windows-amd64)
# No core dump will be written. Minidumps are not enabled by default on client versions of Windows
#
# If you would like to submit a bug report, please visit:
#   https://bugreport.java.com/bugreport/crash.jsp
#

---------------  S U M M A R Y ------------

Command Line: -XX:+ShowCodeDetailsInExceptionMessages -agentlib:jdwp=transport=dt_socket,suspend=y,address=localhost:53446 -ea -javaagent:C:\Users\Korisnik\Eclipse\jee-2020-06\eclipse\configuration\org.eclipse.osgi\1064\0\.cp\lib\javaagent-shaded.jar -Dfile.encoding=UTF-8 org.eclipse.jdt.internal.junit.runner.RemoteTestRunner -version 3 -port 53445 -testLoaderClass org.eclipse.jdt.internal.junit5.runner.JUnit5TestLoader -loaderpluginname org.eclipse.jdt.junit5.runtime -classNames hr.fer.zemris.project.geometry.dash.ai.genetic_programming.TreeTests

Host: Intel(R) Core(TM) i5-8300H CPU @ 2.30GHz, 8 cores, 7G,  Windows 10 , 64 bit Build 19041 (10.0.19041.662)
Time: Sun Dec 20 17:04:12 2020 Central European Standard Time elapsed time: 207 seconds (0d 0h 3m 27s)

---------------  T H R E A D  ---------------

Current thread (0x000001c1ba3a1000):  JavaThread "JDWP Transport Listener: dt_socket" daemon [_thread_in_vm, id=1552, stack(0x000000af3ea00000,0x000000af3eb00000)] _threads_hazard_ptr=0x000001c1bb58f6f0

Stack: [0x000000af3ea00000,0x000000af3eb00000]
Native frames: (J=compiled Java code, j=interpreted, Vv=VM code, C=native code)
V  [jvm.dll+0x5f8a9a]
V  [jvm.dll+0x74247a]
V  [jvm.dll+0x743c2f]
V  [jvm.dll+0x744227]
V  [jvm.dll+0x20d20c]
V  [jvm.dll+0x20d173]
V  [jvm.dll+0x5e7b7f]
V  [jvm.dll+0x5e78dd]
V  [jvm.dll+0x5af8e3]
V  [jvm.dll+0x739aef]
V  [jvm.dll+0x4bee61]
V  [jvm.dll+0x74908b]
V  [jvm.dll+0x4a54ee]
V  [jvm.dll+0x46ee7b]
C  [jdwp.dll+0x7bbc]


---------------  P R O C E S S  ---------------

Threads class SMR info:
_java_thread_list=0x000001c1bb58f6f0, length=15, elements={
0x000001c19f1fb800, 0x000001c1b9fc5800, 0x000001c1b9fc8800, 0x000001c1ba010800,
0x000001c1ba014800, 0x000001c1ba015800, 0x000001c1b9fe7800, 0x000001c1ba018800,
0x000001c1b97ab000, 0x000001c1ba1fe800, 0x000001c1ba3a1000, 0x000001c1ba297000,
0x000001c1ba2e3800, 0x000001c1ba1fd800, 0x000001c1ba1ff800
}

Java Threads: ( => current thread )
  0x000001c19f1fb800 JavaThread "main" [_thread_blocked, id=12380, stack(0x000000af3d900000,0x000000af3da00000)]
  0x000001c1b9fc5800 JavaThread "Reference Handler" daemon [_thread_blocked, id=9332, stack(0x000000af3e000000,0x000000af3e100000)]
  0x000001c1b9fc8800 JavaThread "Finalizer" daemon [_thread_blocked, id=2172, stack(0x000000af3e100000,0x000000af3e200000)]
  0x000001c1ba010800 JavaThread "Signal Dispatcher" daemon [_thread_blocked, id=18048, stack(0x000000af3e200000,0x000000af3e300000)]
  0x000001c1ba014800 JavaThread "Attach Listener" daemon [_thread_blocked, id=16904, stack(0x000000af3e300000,0x000000af3e400000)]
  0x000001c1ba015800 JavaThread "Service Thread" daemon [_thread_blocked, id=15092, stack(0x000000af3e400000,0x000000af3e500000)]
  0x000001c1b9fe7800 JavaThread "C2 CompilerThread0" daemon [_thread_blocked, id=3808, stack(0x000000af3e500000,0x000000af3e600000)]
  0x000001c1ba018800 JavaThread "C1 CompilerThread0" daemon [_thread_blocked, id=16004, stack(0x000000af3e600000,0x000000af3e700000)]
  0x000001c1b97ab000 JavaThread "Sweeper thread" daemon [_thread_blocked, id=14036, stack(0x000000af3e700000,0x000000af3e800000)]
  0x000001c1ba1fe800 JavaThread "Common-Cleaner" daemon [_thread_blocked, id=12960, stack(0x000000af3e800000,0x000000af3e900000)]
=>0x000001c1ba3a1000 JavaThread "JDWP Transport Listener: dt_socket" daemon [_thread_in_vm, id=1552, stack(0x000000af3ea00000,0x000000af3eb00000)] _threads_hazard_ptr=0x000001c1bb58f6f0
  0x000001c1ba297000 JavaThread "JDWP Event Helper Thread" daemon [_thread_blocked, id=13664, stack(0x000000af3eb00000,0x000000af3ec00000)]
  0x000001c1ba2e3800 JavaThread "JDWP Command Reader" daemon [_thread_in_native, id=9044, stack(0x000000af3ec00000,0x000000af3ed00000)]
  0x000001c1ba1fd800 JavaThread "Notification Thread" daemon [_thread_blocked, id=11608, stack(0x000000af3ed00000,0x000000af3ee00000)]
  0x000001c1ba1ff800 JavaThread "ReaderThread" [_thread_in_native, id=7872, stack(0x000000af3ef00000,0x000000af3f000000)]

Other Threads:
  0x000001c1b9fb1800 VMThread "VM Thread" [stack: 0x000000af3df00000,0x000000af3e000000] [id=10084]
  0x000001c1babe5800 WatcherThread [stack: 0x000000af3ee00000,0x000000af3ef00000] [id=16244]
  0x000001c19f23e800 GCTaskThread "GC Thread#0" [stack: 0x000000af3da00000,0x000000af3db00000] [id=19216]
  0x000001c1baaaf000 GCTaskThread "GC Thread#1" [stack: 0x000000af3f000000,0x000000af3f100000] [id=1060]
  0x000001c1bb2d5800 GCTaskThread "GC Thread#2" [stack: 0x000000af3f100000,0x000000af3f200000] [id=12824]
  0x000001c1bb2d6000 GCTaskThread "GC Thread#3" [stack: 0x000000af3f200000,0x000000af3f300000] [id=12588]
  0x000001c19f250800 ConcurrentGCThread "G1 Main Marker" [stack: 0x000000af3db00000,0x000000af3dc00000] [id=18556]
  0x000001c19f252800 ConcurrentGCThread "G1 Conc#0" [stack: 0x000000af3dc00000,0x000000af3dd00000] [id=8852]
  0x000001c1b95d4800 ConcurrentGCThread "G1 Refine#0" [stack: 0x000000af3dd00000,0x000000af3de00000] [id=14296]
  0x000001c1b95d5800 ConcurrentGCThread "G1 Young RemSet Sampling" [stack: 0x000000af3de00000,0x000000af3df00000] [id=14368]

Threads with active compile tasks:

VM state:not at safepoint (normal execution)

VM Mutex/Monitor currently owned by a thread: None

Heap address: 0x0000000081a00000, size: 2022 MB, Compressed Oops mode: 32-bit
Narrow klass base: 0x0000000000000000, Narrow klass shift: 3
Compressed class space size: 1073741824 Address: 0x0000000100000000

Heap:
 garbage-first heap   total 131072K, used 17442K [0x0000000081a00000, 0x0000000100000000)
  region size 1024K, 18 young (18432K), 3 survivors (3072K)
 Metaspace       used 14118K, capacity 14603K, committed 14720K, reserved 1062912K
  class space    used 1424K, capacity 1609K, committed 1664K, reserved 1048576K
Heap Regions: E=young(eden), S=young(survivor), O=old, HS=humongous(starts), HC=humongous(continues), CS=collection set, F=free, OA=open archive, CA=closed archive, TAMS=top-at-mark-start (previous, next)
|   0|0x0000000081a00000, 0x0000000081a08a00, 0x0000000081b00000|  3%| O|  |TAMS 0x0000000081a00000, 0x0000000081a00000| Untracked 
|   1|0x0000000081b00000, 0x0000000081b00000, 0x0000000081c00000|  0%| F|  |TAMS 0x0000000081b00000, 0x0000000081b00000| Untracked 
|   2|0x0000000081c00000, 0x0000000081c00000, 0x0000000081d00000|  0%| F|  |TAMS 0x0000000081c00000, 0x0000000081c00000| Untracked 
|   3|0x0000000081d00000, 0x0000000081d00000, 0x0000000081e00000|  0%| F|  |TAMS 0x0000000081d00000, 0x0000000081d00000| Untracked 
|   4|0x0000000081e00000, 0x0000000081e00000, 0x0000000081f00000|  0%| F|  |TAMS 0x0000000081e00000, 0x0000000081e00000| Untracked 
|   5|0x0000000081f00000, 0x0000000081f00000, 0x0000000082000000|  0%| F|  |TAMS 0x0000000081f00000, 0x0000000081f00000| Untracked 
|   6|0x0000000082000000, 0x0000000082000000, 0x0000000082100000|  0%| F|  |TAMS 0x0000000082000000, 0x0000000082000000| Untracked 
|   7|0x0000000082100000, 0x0000000082100000, 0x0000000082200000|  0%| F|  |TAMS 0x0000000082100000, 0x0000000082100000| Untracked 
|   8|0x0000000082200000, 0x0000000082200000, 0x0000000082300000|  0%| F|  |TAMS 0x0000000082200000, 0x0000000082200000| Untracked 
|   9|0x0000000082300000, 0x0000000082300000, 0x0000000082400000|  0%| F|  |TAMS 0x0000000082300000, 0x0000000082300000| Untracked 
|  10|0x0000000082400000, 0x0000000082400000, 0x0000000082500000|  0%| F|  |TAMS 0x0000000082400000, 0x0000000082400000| Untracked 
|  11|0x0000000082500000, 0x0000000082500000, 0x0000000082600000|  0%| F|  |TAMS 0x0000000082500000, 0x0000000082500000| Untracked 
|  12|0x0000000082600000, 0x0000000082600000, 0x0000000082700000|  0%| F|  |TAMS 0x0000000082600000, 0x0000000082600000| Untracked 
|  13|0x0000000082700000, 0x0000000082700000, 0x0000000082800000|  0%| F|  |TAMS 0x0000000082700000, 0x0000000082700000| Untracked 
|  14|0x0000000082800000, 0x0000000082800000, 0x0000000082900000|  0%| F|  |TAMS 0x0000000082800000, 0x0000000082800000| Untracked 
|  15|0x0000000082900000, 0x0000000082900000, 0x0000000082a00000|  0%| F|  |TAMS 0x0000000082900000, 0x0000000082900000| Untracked 
|  16|0x0000000082a00000, 0x0000000082a00000, 0x0000000082b00000|  0%| F|  |TAMS 0x0000000082a00000, 0x0000000082a00000| Untracked 
|  17|0x0000000082b00000, 0x0000000082b00000, 0x0000000082c00000|  0%| F|  |TAMS 0x0000000082b00000, 0x0000000082b00000| Untracked 
|  18|0x0000000082c00000, 0x0000000082c00000, 0x0000000082d00000|  0%| F|  |TAMS 0x0000000082c00000, 0x0000000082c00000| Untracked 
|  19|0x0000000082d00000, 0x0000000082d00000, 0x0000000082e00000|  0%| F|  |TAMS 0x0000000082d00000, 0x0000000082d00000| Untracked 
|  20|0x0000000082e00000, 0x0000000082e00000, 0x0000000082f00000|  0%| F|  |TAMS 0x0000000082e00000, 0x0000000082e00000| Untracked 
|  21|0x0000000082f00000, 0x0000000082f00000, 0x0000000083000000|  0%| F|  |TAMS 0x0000000082f00000, 0x0000000082f00000| Untracked 
|  22|0x0000000083000000, 0x0000000083000000, 0x0000000083100000|  0%| F|  |TAMS 0x0000000083000000, 0x0000000083000000| Untracked 
|  23|0x0000000083100000, 0x0000000083100000, 0x0000000083200000|  0%| F|  |TAMS 0x0000000083100000, 0x0000000083100000| Untracked 
|  24|0x0000000083200000, 0x0000000083200000, 0x0000000083300000|  0%| F|  |TAMS 0x0000000083200000, 0x0000000083200000| Untracked 
|  25|0x0000000083300000, 0x0000000083300000, 0x0000000083400000|  0%| F|  |TAMS 0x0000000083300000, 0x0000000083300000| Untracked 
|  26|0x0000000083400000, 0x0000000083400000, 0x0000000083500000|  0%| F|  |TAMS 0x0000000083400000, 0x0000000083400000| Untracked 
|  27|0x0000000083500000, 0x0000000083500000, 0x0000000083600000|  0%| F|  |TAMS 0x0000000083500000, 0x0000000083500000| Untracked 
|  28|0x0000000083600000, 0x0000000083600000, 0x0000000083700000|  0%| F|  |TAMS 0x0000000083600000, 0x0000000083600000| Untracked 
|  29|0x0000000083700000, 0x0000000083700000, 0x0000000083800000|  0%| F|  |TAMS 0x0000000083700000, 0x0000000083700000| Untracked 
|  30|0x0000000083800000, 0x0000000083800000, 0x0000000083900000|  0%| F|  |TAMS 0x0000000083800000, 0x0000000083800000| Untracked 
|  31|0x0000000083900000, 0x0000000083900000, 0x0000000083a00000|  0%| F|  |TAMS 0x0000000083900000, 0x0000000083900000| Untracked 
|  32|0x0000000083a00000, 0x0000000083a00000, 0x0000000083b00000|  0%| F|  |TAMS 0x0000000083a00000, 0x0000000083a00000| Untracked 
|  33|0x0000000083b00000, 0x0000000083b00000, 0x0000000083c00000|  0%| F|  |TAMS 0x0000000083b00000, 0x0000000083b00000| Untracked 
|  34|0x0000000083c00000, 0x0000000083c00000, 0x0000000083d00000|  0%| F|  |TAMS 0x0000000083c00000, 0x0000000083c00000| Untracked 
|  35|0x0000000083d00000, 0x0000000083d00000, 0x0000000083e00000|  0%| F|  |TAMS 0x0000000083d00000, 0x0000000083d00000| Untracked 
|  36|0x0000000083e00000, 0x0000000083e00000, 0x0000000083f00000|  0%| F|  |TAMS 0x0000000083e00000, 0x0000000083e00000| Untracked 
|  37|0x0000000083f00000, 0x0000000083f00000, 0x0000000084000000|  0%| F|  |TAMS 0x0000000083f00000, 0x0000000083f00000| Untracked 
|  38|0x0000000084000000, 0x0000000084000000, 0x0000000084100000|  0%| F|  |TAMS 0x0000000084000000, 0x0000000084000000| Untracked 
|  39|0x0000000084100000, 0x0000000084100000, 0x0000000084200000|  0%| F|  |TAMS 0x0000000084100000, 0x0000000084100000| Untracked 
|  40|0x0000000084200000, 0x0000000084200000, 0x0000000084300000|  0%| F|  |TAMS 0x0000000084200000, 0x0000000084200000| Untracked 
|  41|0x0000000084300000, 0x0000000084300000, 0x0000000084400000|  0%| F|  |TAMS 0x0000000084300000, 0x0000000084300000| Untracked 
|  42|0x0000000084400000, 0x0000000084400000, 0x0000000084500000|  0%| F|  |TAMS 0x0000000084400000, 0x0000000084400000| Untracked 
|  43|0x0000000084500000, 0x0000000084500000, 0x0000000084600000|  0%| F|  |TAMS 0x0000000084500000, 0x0000000084500000| Untracked 
|  44|0x0000000084600000, 0x0000000084600000, 0x0000000084700000|  0%| F|  |TAMS 0x0000000084600000, 0x0000000084600000| Untracked 
|  45|0x0000000084700000, 0x0000000084700000, 0x0000000084800000|  0%| F|  |TAMS 0x0000000084700000, 0x0000000084700000| Untracked 
|  46|0x0000000084800000, 0x0000000084800000, 0x0000000084900000|  0%| F|  |TAMS 0x0000000084800000, 0x0000000084800000| Untracked 
|  47|0x0000000084900000, 0x0000000084900000, 0x0000000084a00000|  0%| F|  |TAMS 0x0000000084900000, 0x0000000084900000| Untracked 
|  48|0x0000000084a00000, 0x0000000084a00000, 0x0000000084b00000|  0%| F|  |TAMS 0x0000000084a00000, 0x0000000084a00000| Untracked 
|  49|0x0000000084b00000, 0x0000000084b00000, 0x0000000084c00000|  0%| F|  |TAMS 0x0000000084b00000, 0x0000000084b00000| Untracked 
|  50|0x0000000084c00000, 0x0000000084c00000, 0x0000000084d00000|  0%| F|  |TAMS 0x0000000084c00000, 0x0000000084c00000| Untracked 
|  51|0x0000000084d00000, 0x0000000084d00000, 0x0000000084e00000|  0%| F|  |TAMS 0x0000000084d00000, 0x0000000084d00000| Untracked 
|  52|0x0000000084e00000, 0x0000000084e00000, 0x0000000084f00000|  0%| F|  |TAMS 0x0000000084e00000, 0x0000000084e00000| Untracked 
|  53|0x0000000084f00000, 0x0000000084f00000, 0x0000000085000000|  0%| F|  |TAMS 0x0000000084f00000, 0x0000000084f00000| Untracked 
|  54|0x0000000085000000, 0x0000000085000000, 0x0000000085100000|  0%| F|  |TAMS 0x0000000085000000, 0x0000000085000000| Untracked 
|  55|0x0000000085100000, 0x0000000085100000, 0x0000000085200000|  0%| F|  |TAMS 0x0000000085100000, 0x0000000085100000| Untracked 
|  56|0x0000000085200000, 0x0000000085200000, 0x0000000085300000|  0%| F|  |TAMS 0x0000000085200000, 0x0000000085200000| Untracked 
|  57|0x0000000085300000, 0x0000000085300000, 0x0000000085400000|  0%| F|  |TAMS 0x0000000085300000, 0x0000000085300000| Untracked 
|  58|0x0000000085400000, 0x0000000085400000, 0x0000000085500000|  0%| F|  |TAMS 0x0000000085400000, 0x0000000085400000| Untracked 
|  59|0x0000000085500000, 0x0000000085500000, 0x0000000085600000|  0%| F|  |TAMS 0x0000000085500000, 0x0000000085500000| Untracked 
|  60|0x0000000085600000, 0x0000000085600000, 0x0000000085700000|  0%| F|  |TAMS 0x0000000085600000, 0x0000000085600000| Untracked 
|  61|0x0000000085700000, 0x0000000085700000, 0x0000000085800000|  0%| F|  |TAMS 0x0000000085700000, 0x0000000085700000| Untracked 
|  62|0x0000000085800000, 0x0000000085800000, 0x0000000085900000|  0%| F|  |TAMS 0x0000000085800000, 0x0000000085800000| Untracked 
|  63|0x0000000085900000, 0x0000000085900000, 0x0000000085a00000|  0%| F|  |TAMS 0x0000000085900000, 0x0000000085900000| Untracked 
|  64|0x0000000085a00000, 0x0000000085a00000, 0x0000000085b00000|  0%| F|  |TAMS 0x0000000085a00000, 0x0000000085a00000| Untracked 
|  65|0x0000000085b00000, 0x0000000085b00000, 0x0000000085c00000|  0%| F|  |TAMS 0x0000000085b00000, 0x0000000085b00000| Untracked 
|  66|0x0000000085c00000, 0x0000000085c00000, 0x0000000085d00000|  0%| F|  |TAMS 0x0000000085c00000, 0x0000000085c00000| Untracked 
|  67|0x0000000085d00000, 0x0000000085d00000, 0x0000000085e00000|  0%| F|  |TAMS 0x0000000085d00000, 0x0000000085d00000| Untracked 
|  68|0x0000000085e00000, 0x0000000085e00000, 0x0000000085f00000|  0%| F|  |TAMS 0x0000000085e00000, 0x0000000085e00000| Untracked 
|  69|0x0000000085f00000, 0x0000000085f00000, 0x0000000086000000|  0%| F|  |TAMS 0x0000000085f00000, 0x0000000085f00000| Untracked 
|  70|0x0000000086000000, 0x0000000086000000, 0x0000000086100000|  0%| F|  |TAMS 0x0000000086000000, 0x0000000086000000| Untracked 
|  71|0x0000000086100000, 0x0000000086100000, 0x0000000086200000|  0%| F|  |TAMS 0x0000000086100000, 0x0000000086100000| Untracked 
|  72|0x0000000086200000, 0x0000000086200000, 0x0000000086300000|  0%| F|  |TAMS 0x0000000086200000, 0x0000000086200000| Untracked 
|  73|0x0000000086300000, 0x0000000086300000, 0x0000000086400000|  0%| F|  |TAMS 0x0000000086300000, 0x0000000086300000| Untracked 
|  74|0x0000000086400000, 0x0000000086400000, 0x0000000086500000|  0%| F|  |TAMS 0x0000000086400000, 0x0000000086400000| Untracked 
|  75|0x0000000086500000, 0x0000000086500000, 0x0000000086600000|  0%| F|  |TAMS 0x0000000086500000, 0x0000000086500000| Untracked 
|  76|0x0000000086600000, 0x0000000086600000, 0x0000000086700000|  0%| F|  |TAMS 0x0000000086600000, 0x0000000086600000| Untracked 
|  77|0x0000000086700000, 0x0000000086700000, 0x0000000086800000|  0%| F|  |TAMS 0x0000000086700000, 0x0000000086700000| Untracked 
|  78|0x0000000086800000, 0x0000000086800000, 0x0000000086900000|  0%| F|  |TAMS 0x0000000086800000, 0x0000000086800000| Untracked 
|  79|0x0000000086900000, 0x0000000086900000, 0x0000000086a00000|  0%| F|  |TAMS 0x0000000086900000, 0x0000000086900000| Untracked 
|  80|0x0000000086a00000, 0x0000000086a00000, 0x0000000086b00000|  0%| F|  |TAMS 0x0000000086a00000, 0x0000000086a00000| Untracked 
|  81|0x0000000086b00000, 0x0000000086b00000, 0x0000000086c00000|  0%| F|  |TAMS 0x0000000086b00000, 0x0000000086b00000| Untracked 
|  82|0x0000000086c00000, 0x0000000086c00000, 0x0000000086d00000|  0%| F|  |TAMS 0x0000000086c00000, 0x0000000086c00000| Untracked 
|  83|0x0000000086d00000, 0x0000000086d00000, 0x0000000086e00000|  0%| F|  |TAMS 0x0000000086d00000, 0x0000000086d00000| Untracked 
|  84|0x0000000086e00000, 0x0000000086e00000, 0x0000000086f00000|  0%| F|  |TAMS 0x0000000086e00000, 0x0000000086e00000| Untracked 
|  85|0x0000000086f00000, 0x0000000086f00000, 0x0000000087000000|  0%| F|  |TAMS 0x0000000086f00000, 0x0000000086f00000| Untracked 
|  86|0x0000000087000000, 0x0000000087000000, 0x0000000087100000|  0%| F|  |TAMS 0x0000000087000000, 0x0000000087000000| Untracked 
|  87|0x0000000087100000, 0x0000000087100000, 0x0000000087200000|  0%| F|  |TAMS 0x0000000087100000, 0x0000000087100000| Untracked 
|  88|0x0000000087200000, 0x0000000087200000, 0x0000000087300000|  0%| F|  |TAMS 0x0000000087200000, 0x0000000087200000| Untracked 
|  89|0x0000000087300000, 0x0000000087300000, 0x0000000087400000|  0%| F|  |TAMS 0x0000000087300000, 0x0000000087300000| Untracked 
|  90|0x0000000087400000, 0x0000000087400000, 0x0000000087500000|  0%| F|  |TAMS 0x0000000087400000, 0x0000000087400000| Untracked 
|  91|0x0000000087500000, 0x0000000087500000, 0x0000000087600000|  0%| F|  |TAMS 0x0000000087500000, 0x0000000087500000| Untracked 
|  92|0x0000000087600000, 0x0000000087600000, 0x0000000087700000|  0%| F|  |TAMS 0x0000000087600000, 0x0000000087600000| Untracked 
|  93|0x0000000087700000, 0x0000000087700000, 0x0000000087800000|  0%| F|  |TAMS 0x0000000087700000, 0x0000000087700000| Untracked 
|  94|0x0000000087800000, 0x0000000087800000, 0x0000000087900000|  0%| F|  |TAMS 0x0000000087800000, 0x0000000087800000| Untracked 
|  95|0x0000000087900000, 0x0000000087900000, 0x0000000087a00000|  0%| F|  |TAMS 0x0000000087900000, 0x0000000087900000| Untracked 
|  96|0x0000000087a00000, 0x0000000087a00000, 0x0000000087b00000|  0%| F|  |TAMS 0x0000000087a00000, 0x0000000087a00000| Untracked 
|  97|0x0000000087b00000, 0x0000000087b00000, 0x0000000087c00000|  0%| F|  |TAMS 0x0000000087b00000, 0x0000000087b00000| Untracked 
|  98|0x0000000087c00000, 0x0000000087c00000, 0x0000000087d00000|  0%| F|  |TAMS 0x0000000087c00000, 0x0000000087c00000| Untracked 
|  99|0x0000000087d00000, 0x0000000087d00000, 0x0000000087e00000|  0%| F|  |TAMS 0x0000000087d00000, 0x0000000087d00000| Untracked 
| 100|0x0000000087e00000, 0x0000000087e00000, 0x0000000087f00000|  0%| F|  |TAMS 0x0000000087e00000, 0x0000000087e00000| Untracked 
| 101|0x0000000087f00000, 0x0000000087f00000, 0x0000000088000000|  0%| F|  |TAMS 0x0000000087f00000, 0x0000000087f00000| Untracked 
| 102|0x0000000088000000, 0x0000000088100000, 0x0000000088100000|100%| S|CS|TAMS 0x0000000088000000, 0x0000000088000000| Complete 
| 103|0x0000000088100000, 0x0000000088200000, 0x0000000088200000|100%| S|CS|TAMS 0x0000000088100000, 0x0000000088100000| Complete 
| 104|0x0000000088200000, 0x0000000088300000, 0x0000000088300000|100%| S|CS|TAMS 0x0000000088200000, 0x0000000088200000| Complete 
| 105|0x0000000088300000, 0x0000000088300000, 0x0000000088400000|  0%| F|  |TAMS 0x0000000088300000, 0x0000000088300000| Untracked 
| 106|0x0000000088400000, 0x0000000088400000, 0x0000000088500000|  0%| F|  |TAMS 0x0000000088400000, 0x0000000088400000| Untracked 
| 107|0x0000000088500000, 0x0000000088500000, 0x0000000088600000|  0%| F|  |TAMS 0x0000000088500000, 0x0000000088500000| Untracked 
| 108|0x0000000088600000, 0x0000000088600000, 0x0000000088700000|  0%| F|  |TAMS 0x0000000088600000, 0x0000000088600000| Untracked 
| 109|0x0000000088700000, 0x0000000088700000, 0x0000000088800000|  0%| F|  |TAMS 0x0000000088700000, 0x0000000088700000| Untracked 
| 110|0x0000000088800000, 0x0000000088800000, 0x0000000088900000|  0%| F|  |TAMS 0x0000000088800000, 0x0000000088800000| Untracked 
| 111|0x0000000088900000, 0x0000000088900000, 0x0000000088a00000|  0%| F|  |TAMS 0x0000000088900000, 0x0000000088900000| Untracked 
| 112|0x0000000088a00000, 0x0000000088a00000, 0x0000000088b00000|  0%| F|  |TAMS 0x0000000088a00000, 0x0000000088a00000| Untracked 
| 113|0x0000000088b00000, 0x0000000088ba5f28, 0x0000000088c00000| 64%| E|  |TAMS 0x0000000088b00000, 0x0000000088b00000| Complete 
| 114|0x0000000088c00000, 0x0000000088d00000, 0x0000000088d00000|100%| E|CS|TAMS 0x0000000088c00000, 0x0000000088c00000| Complete 
| 115|0x0000000088d00000, 0x0000000088e00000, 0x0000000088e00000|100%| E|CS|TAMS 0x0000000088d00000, 0x0000000088d00000| Complete 
| 116|0x0000000088e00000, 0x0000000088f00000, 0x0000000088f00000|100%| E|CS|TAMS 0x0000000088e00000, 0x0000000088e00000| Complete 
| 117|0x0000000088f00000, 0x0000000089000000, 0x0000000089000000|100%| E|CS|TAMS 0x0000000088f00000, 0x0000000088f00000| Complete 
| 118|0x0000000089000000, 0x0000000089100000, 0x0000000089100000|100%| E|CS|TAMS 0x0000000089000000, 0x0000000089000000| Complete 
| 119|0x0000000089100000, 0x0000000089200000, 0x0000000089200000|100%| E|CS|TAMS 0x0000000089100000, 0x0000000089100000| Complete 
| 120|0x0000000089200000, 0x0000000089300000, 0x0000000089300000|100%| E|CS|TAMS 0x0000000089200000, 0x0000000089200000| Complete 
| 121|0x0000000089300000, 0x0000000089400000, 0x0000000089400000|100%| E|CS|TAMS 0x0000000089300000, 0x0000000089300000| Complete 
| 122|0x0000000089400000, 0x0000000089500000, 0x0000000089500000|100%| E|CS|TAMS 0x0000000089400000, 0x0000000089400000| Complete 
| 123|0x0000000089500000, 0x0000000089600000, 0x0000000089600000|100%| E|CS|TAMS 0x0000000089500000, 0x0000000089500000| Complete 
| 124|0x0000000089600000, 0x0000000089700000, 0x0000000089700000|100%| E|CS|TAMS 0x0000000089600000, 0x0000000089600000| Complete 
| 125|0x0000000089700000, 0x0000000089800000, 0x0000000089800000|100%| E|CS|TAMS 0x0000000089700000, 0x0000000089700000| Complete 
| 126|0x0000000089800000, 0x0000000089900000, 0x0000000089900000|100%| E|CS|TAMS 0x0000000089800000, 0x0000000089800000| Complete 
| 127|0x0000000089900000, 0x0000000089a00000, 0x0000000089a00000|100%| E|CS|TAMS 0x0000000089900000, 0x0000000089900000| Complete 

Card table byte_map: [0x000001c1b25f0000,0x000001c1b29f0000] _byte_map_base: 0x000001c1b21e3000

Marking Bits (Prev, Next): (CMBitMap*) 0x000001c19f23f328, (CMBitMap*) 0x000001c19f23f368
 Prev Bits: [0x000001c1b2df0000, 0x000001c1b4d88000)
 Next Bits: [0x000001c1b4d90000, 0x000001c1b6d28000)

Polling page: 0x000001c19d190000

Metaspace:

Usage:
  Non-class:     12.69 MB capacity,    12.40 MB ( 98%) used,   250.77 KB (  2%) free+waste,    49.75 KB ( <1%) overhead. 
      Class:      1.57 MB capacity,     1.39 MB ( 89%) used,   160.55 KB ( 10%) free+waste,    23.81 KB (  1%) overhead. 
       Both:     14.26 MB capacity,    13.79 MB ( 97%) used,   411.33 KB (  3%) free+waste,    73.56 KB ( <1%) overhead. 

Virtual space:
  Non-class space:       14.00 MB reserved,      12.75 MB ( 91%) committed 
      Class space:        1.00 GB reserved,       1.63 MB ( <1%) committed 
             Both:        1.01 GB reserved,      14.38 MB (  1%) committed 

Chunk freelists:
   Non-Class:  62.00 KB
       Class:  0 bytes
        Both:  62.00 KB

MaxMetaspaceSize: 17179869184.00 GB
CompressedClassSpaceSize: 1.00 GB

CodeHeap 'non-profiled nmethods': size=120000Kb used=520Kb max_used=542Kb free=119479Kb
 bounds [0x000001c1aa990000, 0x000001c1aac00000, 0x000001c1b1ec0000]
CodeHeap 'profiled nmethods': size=120000Kb used=2365Kb max_used=2778Kb free=117634Kb
 bounds [0x000001c1a3460000, 0x000001c1a3720000, 0x000001c1aa990000]
CodeHeap 'non-nmethods': size=5760Kb used=1245Kb max_used=1266Kb free=4514Kb
 bounds [0x000001c1a2ec0000, 0x000001c1a3130000, 0x000001c1a3460000]
 total_blobs=1614 nmethods=1202 adapters=325
 compilation: enabled
              stopped_count=0, restarted_count=0
 full_count=0

Compilation events (20 events):
Event: 0.966 Thread 0x000001c1ba018800 1372       3       java.util.stream.Sink$ChainedReference::begin (11 bytes)
Event: 0.966 Thread 0x000001c1ba018800 nmethod 1372 0x000001c1a370c090 code [0x000001c1a370c240, 0x000001c1a370c408]
Event: 0.966 Thread 0x000001c1ba018800 1375       3       org.junit.platform.commons.util.AnnotationUtils::findRepeatableAnnotations (264 bytes)
Event: 0.969 Thread 0x000001c1ba018800 nmethod 1375 0x000001c1a370c510 code [0x000001c1a370ccc0, 0x000001c1a37116f8]
Event: 0.969 Thread 0x000001c1ba018800 1377       3       org.junit.platform.commons.util.AnnotationUtils::findRepeatableAnnotations (135 bytes)
Event: 0.969 Thread 0x000001c1ba018800 nmethod 1377 0x000001c1a3713410 code [0x000001c1a3713660, 0x000001c1a3713f18]
Event: 0.969 Thread 0x000001c1ba018800 1373       3       java.util.stream.ReferencePipeline::filter (22 bytes)
Event: 0.969 Thread 0x000001c1ba018800 nmethod 1373 0x000001c1a3714290 code [0x000001c1a3714480, 0x000001c1a3714998]
Event: 0.969 Thread 0x000001c1ba018800 1374       3       java.util.stream.StreamSpliterators$AbstractWrappingSpliterator::init (29 bytes)
Event: 0.969 Thread 0x000001c1ba018800 nmethod 1374 0x000001c1a3714c10 code [0x000001c1a3714dc0, 0x000001c1a3715148]
Event: 0.969 Thread 0x000001c1ba018800 1376       3       java.util.stream.AbstractPipeline::evaluate (94 bytes)
Event: 0.970 Thread 0x000001c1ba018800 nmethod 1376 0x000001c1a3715210 code [0x000001c1a3715440, 0x000001c1a3715aa8]
Event: 24.446 Thread 0x000001c1ba018800 1378       3       jdk.internal.math.FDBigInteger::mult (64 bytes)
Event: 24.446 Thread 0x000001c1ba018800 nmethod 1378 0x000001c1a3715d10 code [0x000001c1a3715ec0, 0x000001c1a3716138]
Event: 24.446 Thread 0x000001c1ba018800 1379       3       jdk.internal.math.FDBigInteger::<init> (30 bytes)
Event: 24.446 Thread 0x000001c1ba018800 nmethod 1379 0x000001c1a3716310 code [0x000001c1a37164c0, 0x000001c1a37166c8]
Event: 67.681 Thread 0x000001c1b9fe7800 1380       4       java.lang.String::hashCode (60 bytes)
Event: 67.688 Thread 0x000001c1b9fe7800 

Event: 192.017 Thread 0x000001c1b9fe7800 1381       4       java.lang.String::hashCode (60 bytes)
Event: 192.022 Thread 0x000001c1b9fe7800 


GC Heap History (2 events):
Event: 0.763 GC heap before
{Heap before GC invocations=0 (full 0):
 garbage-first heap   total 131072K, used 22528K [0x0000000081a00000, 0x0000000100000000)
  region size 1024K, 23 young (23552K), 0 survivors (0K)
 Metaspace       used 12278K, capacity 12526K, committed 12800K, reserved 1060864K
  class space    used 1168K, capacity 1236K, committed 1280K, reserved 1048576K
}
Event: 0.766 GC heap after
{Heap after GC invocations=1 (full 0):
 garbage-first heap   total 131072K, used 3106K [0x0000000081a00000, 0x0000000100000000)
  region size 1024K, 3 young (3072K), 3 survivors (3072K)
 Metaspace       used 12278K, capacity 12526K, committed 12800K, reserved 1060864K
  class space    used 1168K, capacity 1236K, committed 1280K, reserved 1048576K
}

Deoptimization events (20 events):
Event: 0.897 Thread 0x000001c19f1fb800 DEOPT PACKING pc=0x000001c1a35c1793 sp=0x000000af3d9fb5d0
Event: 0.897 Thread 0x000001c19f1fb800 DEOPT UNPACKING pc=0x000001c1a2f0964e sp=0x000000af3d9fab18 mode 0
Event: 0.929 Thread 0x000001c19f1fb800 DEOPT PACKING pc=0x000001c1a34a56c3 sp=0x000000af3d9fc3a0
Event: 0.929 Thread 0x000001c19f1fb800 DEOPT UNPACKING pc=0x000001c1a2f0964e sp=0x000000af3d9fb8b8 mode 0
Event: 0.939 Thread 0x000001c19f1fb800 Uncommon trap: trap_request=0xffffff45 fr.pc=0x000001c1aa9c5144 relative=0x0000000000000664
Event: 0.939 Thread 0x000001c19f1fb800 Uncommon trap: reason=unstable_if action=reinterpret pc=0x000001c1aa9c5144 method=org.eclipse.jdt.launching.internal.org.objectweb.asm.ClassReader.readUtf(II[C)Ljava/lang/String; @ 41 c2
Event: 0.939 Thread 0x000001c19f1fb800 DEOPT PACKING pc=0x000001c1aa9c5144 sp=0x000000af3d9fa150
Event: 0.939 Thread 0x000001c19f1fb800 DEOPT UNPACKING pc=0x000001c1a2f0912f sp=0x000000af3d9fa138 mode 2
Event: 0.939 Thread 0x000001c19f1fb800 Uncommon trap: trap_request=0xffffff45 fr.pc=0x000001c1aa999734 relative=0x0000000000000274
Event: 0.939 Thread 0x000001c19f1fb800 Uncommon trap: reason=unstable_if action=reinterpret pc=0x000001c1aa999734 method=java.lang.String.isLatin1()Z @ 10 c2
Event: 0.939 Thread 0x000001c19f1fb800 DEOPT PACKING pc=0x000001c1aa999734 sp=0x000000af3d9fa260
Event: 0.939 Thread 0x000001c19f1fb800 DEOPT UNPACKING pc=0x000001c1a2f0912f sp=0x000000af3d9fa190 mode 2
Event: 0.939 Thread 0x000001c19f1fb800 Uncommon trap: trap_request=0xffffff45 fr.pc=0x000001c1aa9913fc relative=0x000000000000005c
Event: 0.939 Thread 0x000001c19f1fb800 Uncommon trap: reason=unstable_if action=reinterpret pc=0x000001c1aa9913fc method=java.lang.String.isLatin1()Z @ 10 c2
Event: 0.939 Thread 0x000001c19f1fb800 DEOPT PACKING pc=0x000001c1aa9913fc sp=0x000000af3d9fa1e0
Event: 0.939 Thread 0x000001c19f1fb800 DEOPT UNPACKING pc=0x000001c1a2f0912f sp=0x000000af3d9fa180 mode 2
Event: 0.940 Thread 0x000001c19f1fb800 Uncommon trap: trap_request=0xffffff45 fr.pc=0x000001c1aa9ac5e4 relative=0x0000000000000044
Event: 0.940 Thread 0x000001c19f1fb800 Uncommon trap: reason=unstable_if action=reinterpret pc=0x000001c1aa9ac5e4 method=java.lang.CharacterData.of(I)Ljava/lang/CharacterData; @ 4 c2
Event: 0.940 Thread 0x000001c19f1fb800 DEOPT PACKING pc=0x000001c1aa9ac5e4 sp=0x000000af3d9fbc30
Event: 0.940 Thread 0x000001c19f1fb800 DEOPT UNPACKING pc=0x000001c1a2f0912f sp=0x000000af3d9fbbd0 mode 2

Classes unloaded (0 events):
No events

Classes redefined (5 events):
Event: 50.206 Thread 0x000001c1b9fb1800 redefined class name=hr.fer.zemris.project.geometry.dash.ai.genetic_programming.TreeTests, count=1
Event: 67.684 Thread 0x000001c1b9fb1800 redefined class name=hr.fer.zemris.project.geometry.dash.ai.genetic_programming.TreeUtil, count=1
Event: 188.875 Thread 0x000001c1b9fb1800 redefined class name=hr.fer.zemris.project.geometry.dash.ai.genetic_programming.TreeTests, count=2
Event: 192.019 Thread 0x000001c1b9fb1800 redefined class name=hr.fer.zemris.project.geometry.dash.ai.genetic_programming.TreeTests, count=3
Event: 205.676 Thread 0x000001c1b9fb1800 redefined class name=hr.fer.zemris.project.geometry.dash.ai.genetic_programming.TreeTests, count=4

Internal exceptions (20 events):
Event: 0.703 Thread 0x000001c19f1fb800 Exception <a 'java/lang/NoSuchMethodError'{0x0000000088651cf0}: 'void java.lang.invoke.DirectMethodHandle$Holder.invokeStaticInit(java.lang.Object, java.lang.Object, java.lang.Object)'> (0x0000000088651cf0) 
thrown [./open/src/hotspot/share/interpreter/linkResolver.cpp, line 766]
Event: 0.759 Thread 0x000001c19f1fb800 Exception <a 'java/lang/NoSuchMethodError'{0x00000000883c6b50}: 'java.lang.Object java.lang.invoke.DirectMethodHandle$Holder.invokeSpecialIFC(java.lang.Object, java.lang.Object, java.lang.Object, java.lang.Object)'> (0x00000000883c6b50) 
thrown [./open/src/hotspot/share/interpreter/linkResolver.cpp, line 766]
Event: 0.776 Thread 0x000001c19f1fb800 Exception <a 'java/lang/NoSuchMethodError'{0x00000000898051a8}: 'void java.lang.invoke.DirectMethodHandle$Holder.invokeSpecial(java.lang.Object, java.lang.Object, java.lang.Object, java.lang.Object)'> (0x00000000898051a8) 
thrown [./open/src/hotspot/share/interpreter/linkResolver.cpp, line 766]
Event: 0.781 Thread 0x000001c19f1fb800 Exception <a 'java/lang/NoSuchMethodError'{0x000000008987d818}: 'java.lang.Object java.lang.invoke.Invokers$Holder.linkToTargetMethod(java.lang.Object, java.lang.Object, java.lang.Object, java.lang.Object, java.lang.Object, java.lang.Object)'> (0x000000008987d818) 
thrown [./open/src/hotspot/share/interpreter/linkResolver.cpp, line 766]
Event: 0.787 Thread 0x000001c19f1fb800 Exception <a 'java/lang/NoSuchMethodError'{0x0000000089729908}: 'void java.lang.invoke.DirectMethodHandle$Holder.invokeInterface(java.lang.Object, java.lang.Object, java.lang.Object, java.lang.Object, java.lang.Object)'> (0x0000000089729908) 
thrown [./open/src/hotspot/share/interpreter/linkResolver.cpp, line 766]
Event: 0.787 Thread 0x000001c19f1fb800 Exception <a 'java/lang/IncompatibleClassChangeError'{0x000000008972cae8}: Found class java.lang.Object, but interface was expected> (0x000000008972cae8) 
thrown [./open/src/hotspot/share/interpreter/linkResolver.cpp, line 832]
Event: 0.803 Thread 0x000001c19f1fb800 Exception <a 'java/lang/IncompatibleClassChangeError'{0x0000000089603f40}: Found class java.lang.Object, but interface was expected> (0x0000000089603f40) 
thrown [./open/src/hotspot/share/interpreter/linkResolver.cpp, line 832]
Event: 0.807 Thread 0x000001c19f1fb800 Exception <a 'java/lang/NoSuchMethodError'{0x00000000896432c0}: 'void java.lang.invoke.DirectMethodHandle$Holder.invokeSpecial(java.lang.Object, java.lang.Object, java.lang.Object, java.lang.Object, java.lang.Object)'> (0x00000000896432c0) 
thrown [./open/src/hotspot/share/interpreter/linkResolver.cpp, line 766]
Event: 0.822 Thread 0x000001c19f1fb800 Exception <a 'java/lang/NoSuchMethodError'{0x000000008952c0f8}: 'java.lang.Object java.lang.invoke.DirectMethodHandle$Holder.invokeVirtual(java.lang.Object, java.lang.Object, java.lang.Object)'> (0x000000008952c0f8) 
thrown [./open/src/hotspot/share/interpreter/linkResolver.cpp, line 766]
Event: 0.831 Thread 0x000001c19f1fb800 Exception <a 'java/lang/NoSuchMethodError'{0x00000000895d5578}: 'void java.lang.invoke.DirectMethodHandle$Holder.invokeInterface(java.lang.Object, java.lang.Object, java.lang.Object, java.lang.Object)'> (0x00000000895d5578) 
thrown [./open/src/hotspot/share/interpreter/linkResolver.cpp, line 766]
Event: 0.831 Thread 0x000001c19f1fb800 Exception <a 'java/lang/IncompatibleClassChangeError'{0x00000000895d7fa0}: Found class java.lang.Object, but interface was expected> (0x00000000895d7fa0) 
thrown [./open/src/hotspot/share/interpreter/linkResolver.cpp, line 832]
Event: 0.833 Thread 0x000001c19f1fb800 Exception <a 'java/lang/NoSuchMethodError'{0x0000000089401470}: 'void java.lang.invoke.DirectMethodHandle$Holder.invokeStatic(java.lang.Object, java.lang.Object, java.lang.Object, java.lang.Object)'> (0x0000000089401470) 
thrown [./open/src/hotspot/share/interpreter/linkResolver.cpp, line 766]
Event: 0.848 Thread 0x000001c19f1fb800 Exception <a 'java/lang/NoSuchMethodError'{0x0000000089327498}: 'java.lang.Object java.lang.invoke.Invokers$Holder.invokeExact_MT(java.lang.Object, java.lang.Object, java.lang.Object, java.lang.Object, java.lang.Object, java.lang.Object)'> (0x0000000089327498) 
thrown [./open/src/hotspot/share/interpreter/linkResolver.cpp, line 766]
Event: 0.849 Thread 0x000001c19f1fb800 Exception <a 'java/lang/NoSuchMethodError'{0x0000000089332620}: 'int java.lang.invoke.DirectMethodHandle$Holder.invokeStatic(java.lang.Object, java.lang.Object, java.lang.Object, java.lang.Object, java.lang.Object)'> (0x0000000089332620) 
thrown [./open/src/hotspot/share/interpreter/linkResolver.cpp, line 766]
Event: 0.868 Thread 0x000001c19f1fb800 Exception <a 'java/lang/NoSuchMethodError'{0x000000008924ec70}: 'void java.lang.invoke.DirectMethodHandle$Holder.invokeSpecial(java.lang.Object, java.lang.Object)'> (0x000000008924ec70) 
thrown [./open/src/hotspot/share/interpreter/linkResolver.cpp, line 766]
Event: 0.893 Thread 0x000001c19f1fb800 Exception <a 'java/lang/NoSuchMethodError'{0x0000000089055f80}: 'int java.lang.invoke.DirectMethodHandle$Holder.invokeStaticInit(java.lang.Object, java.lang.Object, java.lang.Object)'> (0x0000000089055f80) 
thrown [./open/src/hotspot/share/interpreter/linkResolver.cpp, line 766]
Event: 0.921 Thread 0x000001c19f1fb800 Exception <a 'java/lang/NoSuchMethodError'{0x0000000088fc9670}: 'java.lang.Object java.lang.invoke.Invokers$Holder.linkToTargetMethod(java.lang.Object, java.lang.Object, java.lang.Object, java.lang.Object, java.lang.Object, java.lang.Object, java.lang.Object)'> (0x0000000088fc9670) 
thrown [./open/src/hotspot/share/interpreter/linkResolver.cpp, line 766]
Event: 0.922 Thread 0x000001c19f1fb800 Exception <a 'java/lang/NoSuchMethodError'{0x0000000088fd3510}: 'java.lang.Object java.lang.invoke.DirectMethodHandle$Holder.invokeInterface(java.lang.Object, java.lang.Object, java.lang.Object, java.lang.Object, java.lang.Object)'> (0x0000000088fd3510) 
thrown [./open/src/hotspot/share/interpreter/linkResolver.cpp, line 766]
Event: 0.922 Thread 0x000001c19f1fb800 Exception <a 'java/lang/IncompatibleClassChangeError'{0x0000000088fd6818}: Found class java.lang.Object, but interface was expected> (0x0000000088fd6818) 
thrown [./open/src/hotspot/share/interpreter/linkResolver.cpp, line 832]
Event: 207.820 Thread 0x000001c1ba3a1000 Exception <a 'java/lang/LinkageError'{0x0000000088b65410}> (0x0000000088b65410) 
thrown [./open/src/hotspot/share/oops/generateOopMap.cpp, line 2140]

Events (20 events):
Event: 193.244 Executing VM operation: GetFrameCount
Event: 193.244 Executing VM operation: GetFrameCount done
Event: 193.244 Executing VM operation: GetOwnedMonitorInfo
Event: 193.244 Executing VM operation: GetOwnedMonitorInfo done
Event: 193.245 Executing VM operation: GetCurrentContendedMonitor
Event: 193.245 Executing VM operation: GetCurrentContendedMonitor done
Event: 205.675 Executing VM operation: RedefineClasses
Event: 205.678 Executing VM operation: RedefineClasses done
Event: 205.693 Executing VM operation: ChangeBreakpoints
Event: 205.693 Executing VM operation: ChangeBreakpoints done
Event: 205.694 Executing VM operation: GetFrameCount
Event: 205.695 Executing VM operation: GetFrameCount done
Event: 205.695 Executing VM operation: GetStackTrace
Event: 205.695 Executing VM operation: GetStackTrace done
Event: 205.702 Executing VM operation: GetFrameCount
Event: 205.703 Executing VM operation: GetFrameCount done
Event: 205.703 Executing VM operation: GetOwnedMonitorInfo
Event: 205.703 Executing VM operation: GetOwnedMonitorInfo done
Event: 205.704 Executing VM operation: GetCurrentContendedMonitor
Event: 205.704 Executing VM operation: GetCurrentContendedMonitor done


Dynamic libraries:
0x00007ff640d10000 - 0x00007ff640d1d000 	C:\Users\Korisnik\.p2\pool\plugins\org.eclipse.justj.openjdk.hotspot.jre.full.win32.x86_64_14.0.2.v20200815-0932\jre\bin\javaw.exe
0x00007ffaf9210000 - 0x00007ffaf9406000 	C:\WINDOWS\SYSTEM32\ntdll.dll
0x00007ffaf73c0000 - 0x00007ffaf747d000 	C:\WINDOWS\System32\KERNEL32.DLL
0x00007ffaf6ba0000 - 0x00007ffaf6e69000 	C:\WINDOWS\System32\KERNELBASE.dll
0x00007ffaf6e70000 - 0x00007ffaf6f70000 	C:\WINDOWS\System32\ucrtbase.dll
0x00007ffae0620000 - 0x00007ffae0635000 	C:\Users\Korisnik\.p2\pool\plugins\org.eclipse.justj.openjdk.hotspot.jre.full.win32.x86_64_14.0.2.v20200815-0932\jre\bin\VCRUNTIME140.dll
0x00007ffadd660000 - 0x00007ffadd678000 	C:\Users\Korisnik\.p2\pool\plugins\org.eclipse.justj.openjdk.hotspot.jre.full.win32.x86_64_14.0.2.v20200815-0932\jre\bin\jli.dll
0x00007ffaf83b0000 - 0x00007ffaf8550000 	C:\WINDOWS\System32\USER32.dll
0x00007ffaf7240000 - 0x00007ffaf7262000 	C:\WINDOWS\System32\win32u.dll
0x00007ffaf8110000 - 0x00007ffaf813a000 	C:\WINDOWS\System32\GDI32.dll
0x00007ffaf6f70000 - 0x00007ffaf7079000 	C:\WINDOWS\System32\gdi32full.dll
0x00007ffaf6a00000 - 0x00007ffaf6a9d000 	C:\WINDOWS\System32\msvcp_win.dll
0x00007ffae1f40000 - 0x00007ffae21db000 	C:\WINDOWS\WinSxS\amd64_microsoft.windows.common-controls_6595b64144ccf1df_6.0.19041.488_none_ca04af081b815d21\COMCTL32.dll
0x00007ffaf8d90000 - 0x00007ffaf8e2e000 	C:\WINDOWS\System32\msvcrt.dll
0x00007ffaf8e30000 - 0x00007ffaf8e60000 	C:\WINDOWS\System32\IMM32.DLL
0x00007ffabfa30000 - 0x00007ffabfacb000 	C:\Users\Korisnik\.p2\pool\plugins\org.eclipse.justj.openjdk.hotspot.jre.full.win32.x86_64_14.0.2.v20200815-0932\jre\bin\msvcp140.dll
0x00007ffaa6110000 - 0x00007ffaa6c2e000 	C:\Users\Korisnik\.p2\pool\plugins\org.eclipse.justj.openjdk.hotspot.jre.full.win32.x86_64_14.0.2.v20200815-0932\jre\bin\server\jvm.dll
0x00007ffaf8300000 - 0x00007ffaf83ac000 	C:\WINDOWS\System32\ADVAPI32.dll
0x00007ffaf75b0000 - 0x00007ffaf764c000 	C:\WINDOWS\System32\sechost.dll
0x00007ffaf7760000 - 0x00007ffaf788b000 	C:\WINDOWS\System32\RPCRT4.dll
0x00007ffaf82f0000 - 0x00007ffaf82f8000 	C:\WINDOWS\System32\PSAPI.DLL
0x00007ffadc0c0000 - 0x00007ffadc0c9000 	C:\WINDOWS\SYSTEM32\WSOCK32.dll
0x00007ffaf88b0000 - 0x00007ffaf891b000 	C:\WINDOWS\System32\WS2_32.dll
0x00007ffae21e0000 - 0x00007ffae2207000 	C:\WINDOWS\SYSTEM32\WINMM.dll
0x00007ffaeb3e0000 - 0x00007ffaeb3ea000 	C:\WINDOWS\SYSTEM32\VERSION.dll
0x00007ffaf51f0000 - 0x00007ffaf5202000 	C:\WINDOWS\SYSTEM32\kernel.appcore.dll
0x00007ffae2770000 - 0x00007ffae277a000 	C:\Users\Korisnik\.p2\pool\plugins\org.eclipse.justj.openjdk.hotspot.jre.full.win32.x86_64_14.0.2.v20200815-0932\jre\bin\jimage.dll
0x00007ffaf4fd0000 - 0x00007ffaf51b4000 	C:\WINDOWS\SYSTEM32\DBGHELP.DLL
0x00007ffadd160000 - 0x00007ffadd18c000 	C:\WINDOWS\SYSTEM32\dbgcore.DLL
0x00007ffaf6ad0000 - 0x00007ffaf6b50000 	C:\WINDOWS\System32\bcryptPrimitives.dll
0x00007ffac92c0000 - 0x00007ffac92f8000 	C:\Users\Korisnik\.p2\pool\plugins\org.eclipse.justj.openjdk.hotspot.jre.full.win32.x86_64_14.0.2.v20200815-0932\jre\bin\jdwp.dll
0x00007ffae2740000 - 0x00007ffae2765000 	C:\Users\Korisnik\.p2\pool\plugins\org.eclipse.justj.openjdk.hotspot.jre.full.win32.x86_64_14.0.2.v20200815-0932\jre\bin\java.dll
0x00007ffae0450000 - 0x00007ffae045e000 	C:\Users\Korisnik\.p2\pool\plugins\org.eclipse.justj.openjdk.hotspot.jre.full.win32.x86_64_14.0.2.v20200815-0932\jre\bin\instrument.dll
0x00007ffae05f0000 - 0x00007ffae0606000 	C:\Users\Korisnik\.p2\pool\plugins\org.eclipse.justj.openjdk.hotspot.jre.full.win32.x86_64_14.0.2.v20200815-0932\jre\bin\zip.dll
0x00007ffaf79c0000 - 0x00007ffaf8102000 	C:\WINDOWS\System32\SHELL32.dll
0x00007ffaf4830000 - 0x00007ffaf4fc5000 	C:\WINDOWS\SYSTEM32\windows.storage.dll
0x00007ffaf8550000 - 0x00007ffaf88a6000 	C:\WINDOWS\System32\combase.dll
0x00007ffaf6280000 - 0x00007ffaf62ac000 	C:\WINDOWS\SYSTEM32\Wldp.dll
0x00007ffaf76b0000 - 0x00007ffaf775e000 	C:\WINDOWS\System32\SHCORE.dll
0x00007ffaf7650000 - 0x00007ffaf76a5000 	C:\WINDOWS\System32\shlwapi.dll
0x00007ffaf6880000 - 0x00007ffaf68a6000 	C:\WINDOWS\SYSTEM32\profapi.dll
0x00007ffadd3d0000 - 0x00007ffadd3db000 	C:\Users\Korisnik\.p2\pool\plugins\org.eclipse.justj.openjdk.hotspot.jre.full.win32.x86_64_14.0.2.v20200815-0932\jre\bin\dt_socket.dll
0x00007ffaf5d20000 - 0x00007ffaf5d5b000 	C:\WINDOWS\SYSTEM32\IPHLPAPI.DLL
0x00007ffaf6070000 - 0x00007ffaf60da000 	C:\WINDOWS\system32\mswsock.dll
0x00007ffaf5dd0000 - 0x00007ffaf5e9b000 	C:\WINDOWS\SYSTEM32\DNSAPI.dll
0x00007ffaf7270000 - 0x00007ffaf7278000 	C:\WINDOWS\System32\NSI.dll
0x00007ffaed2e0000 - 0x00007ffaed2ea000 	C:\Windows\System32\rasadhlp.dll
0x00007ffaee880000 - 0x00007ffaee8ff000 	C:\WINDOWS\System32\fwpuclnt.dll
0x00007ffaf6aa0000 - 0x00007ffaf6ac7000 	C:\WINDOWS\System32\bcrypt.dll
0x00007ffae05d0000 - 0x00007ffae05e9000 	C:\Users\Korisnik\.p2\pool\plugins\org.eclipse.justj.openjdk.hotspot.jre.full.win32.x86_64_14.0.2.v20200815-0932\jre\bin\net.dll
0x00007ffaee740000 - 0x00007ffaee840000 	C:\WINDOWS\SYSTEM32\WINHTTP.dll
0x00007ffae05b0000 - 0x00007ffae05c2000 	C:\Users\Korisnik\.p2\pool\plugins\org.eclipse.justj.openjdk.hotspot.jre.full.win32.x86_64_14.0.2.v20200815-0932\jre\bin\nio.dll
0x00007ffaebfc0000 - 0x00007ffaebfd0000 	C:\Users\Korisnik\.p2\pool\plugins\org.eclipse.justj.openjdk.hotspot.jre.full.win32.x86_64_14.0.2.v20200815-0932\jre\bin\verify.dll
0x00007ffaf4750000 - 0x00007ffaf4767000 	C:\WINDOWS\SYSTEM32\dhcpcsvc6.DLL
0x00007ffaf4730000 - 0x00007ffaf474d000 	C:\WINDOWS\SYSTEM32\dhcpcsvc.DLL

dbghelp: loaded successfully - version: 4.0.5 - missing functions: none
symbol engine: initialized successfully - sym options: 0x614 - pdb path: .;C:\Users\Korisnik\.p2\pool\plugins\org.eclipse.justj.openjdk.hotspot.jre.full.win32.x86_64_14.0.2.v20200815-0932\jre\bin;C:\WINDOWS\SYSTEM32;C:\WINDOWS\WinSxS\amd64_microsoft.windows.common-controls_6595b64144ccf1df_6.0.19041.488_none_ca04af081b815d21;C:\Users\Korisnik\.p2\pool\plugins\org.eclipse.justj.openjdk.hotspot.jre.full.win32.x86_64_14.0.2.v20200815-0932\jre\bin\server

VM Arguments:
jvm_args: -XX:+ShowCodeDetailsInExceptionMessages -agentlib:jdwp=transport=dt_socket,suspend=y,address=localhost:53446 -ea -javaagent:C:\Users\Korisnik\Eclipse\jee-2020-06\eclipse\configuration\org.eclipse.osgi\1064\0\.cp\lib\javaagent-shaded.jar -Dfile.encoding=UTF-8 
java_command: org.eclipse.jdt.internal.junit.runner.RemoteTestRunner -version 3 -port 53445 -testLoaderClass org.eclipse.jdt.internal.junit5.runner.JUnit5TestLoader -loaderpluginname org.eclipse.jdt.junit5.runtime -classNames hr.fer.zemris.project.geometry.dash.ai.genetic_programming.TreeTests
java_class_path (initial): C:\Users\Korisnik\Desktop\GeometryDashAI\GeometryDash\target\test-classes;C:\Users\Korisnik\Desktop\GeometryDashAI\GeometryDash\target\classes;C:\Users\Korisnik\.m2\repository\com\google\code\gson\gson\2.8.6\gson-2.8.6.jar;C:\Users\Korisnik\.m2\repository\org\openjfx\javafx-media\16-ea+2\javafx-media-16-ea+2.jar;C:\Users\Korisnik\.m2\repository\org\openjfx\javafx-media\16-ea+2\javafx-media-16-ea+2-win.jar;C:\Users\Korisnik\.m2\repository\org\openjfx\javafx-graphics\16-ea+2\javafx-graphics-16-ea+2.jar;C:\Users\Korisnik\.m2\repository\org\openjfx\javafx-graphics\16-ea+2\javafx-graphics-16-ea+2-win.jar;C:\Users\Korisnik\.m2\repository\org\openjfx\javafx-base\16-ea+2\javafx-base-16-ea+2.jar;C:\Users\Korisnik\.m2\repository\org\openjfx\javafx-base\16-ea+2\javafx-base-16-ea+2-win.jar;C:\Users\Korisnik\.m2\repository\org\openjfx\javafx-controls\16-ea+2\javafx-controls-16-ea+2.jar;C:\Users\Korisnik\.m2\repository\org\openjfx\javafx-controls\16-ea+2\javafx-controls-16-ea+2-win.jar;C:\Users\Korisnik\.m2\repository\org\apache\maven\plugins\maven-compiler-plugin\3.8.1\maven-compiler-plugin-3.8.1.jar;C:\Users\Korisnik\.m2\repository\org\apache\maven\maven-plugin-api\3.0\maven-plugin-api-3.0.jar;C:\Users\Korisnik\.m2\repository\org\apache\maven\maven-model\3.0\maven-model-3.0.jar;C:\Users\Korisnik\.m2\repository\org\sonatype\sisu\sisu-inject-plexus\1.4.2\sisu-inject-plexus-1.4.2.jar;C:\Users\Korisnik\.m2\repository\org\sonatype\sisu\sisu-inject-bean\1.4.2\sisu-inject-bean-1.4.2.jar;C:\Users\Korisnik\.m2\repository\org\sonatype\sisu\sisu-guice\2.1.7\sisu-guice-2.1.7-noaop.jar;C:\Users\Korisnik\.m2\repository\org\apache\maven\maven-artifact\3.0\maven-artifact-3.0.jar;C:\Users\Korisnik\.m2\repository\org\codehaus\plexus\plexus-utils\2.0.4\plexus-utils-2.0.4.jar;C:\Users\Korisnik\.m2\repository\org\apache\maven\maven-core\3.0\maven-core-3.0.jar;C:\Users\Korisnik\.m2\repository\org\apache\maven\maven-settings\3.0\maven-settings-3.0.jar;C:\Users\Korisnik\.m
Launcher Type: SUN_STANDARD

[Global flags]
     intx CICompilerCount                          = 4                                         {product} {ergonomic}
     uint ConcGCThreads                            = 2                                         {product} {ergonomic}
     uint G1ConcRefinementThreads                  = 8                                         {product} {ergonomic}
   size_t G1HeapRegionSize                         = 1048576                                   {product} {ergonomic}
    uintx GCDrainStackTargetSize                   = 64                                        {product} {ergonomic}
   size_t InitialHeapSize                          = 134217728                                 {product} {ergonomic}
   size_t MarkStackSize                            = 4194304                                   {product} {ergonomic}
   size_t MaxHeapSize                              = 2120220672                                {product} {ergonomic}
   size_t MaxNewSize                               = 1271922688                                {product} {ergonomic}
   size_t MinHeapDeltaBytes                        = 1048576                                   {product} {ergonomic}
   size_t MinHeapSize                              = 8388608                                   {product} {ergonomic}
    uintx NonNMethodCodeHeapSize                   = 5839372                                {pd product} {ergonomic}
    uintx NonProfiledCodeHeapSize                  = 122909434                              {pd product} {ergonomic}
    uintx ProfiledCodeHeapSize                     = 122909434                              {pd product} {ergonomic}
    uintx ReservedCodeCacheSize                    = 251658240                              {pd product} {ergonomic}
     bool SegmentedCodeCache                       = true                                      {product} {ergonomic}
     bool ShowCodeDetailsInExceptionMessages       = true                                   {manageable} {command line}
   size_t SoftMaxHeapSize                          = 2120220672                             {manageable} {ergonomic}
     bool UseCompressedClassPointers               = true                                 {lp64_product} {ergonomic}
     bool UseCompressedOops                        = true                                 {lp64_product} {ergonomic}
     bool UseG1GC                                  = true                                      {product} {ergonomic}
     bool UseLargePagesIndividualAllocation        = false                                  {pd product} {ergonomic}

Logging:
Log output configuration:
 #0: stdout all=warning uptime,level,tags
 #1: stderr all=off uptime,level,tags

Environment Variables:
JAVA_HOME=C:\Program Files\Java\jdk-15.0.1
PATH=C:\Users\Korisnik\.p2\pool\plugins\org.eclipse.justj.openjdk.hotspot.jre.full.win32.x86_64_14.0.2.v20200815-0932\jre\bin;C:/Users/Korisnik/.p2/pool/plugins/org.eclipse.justj.openjdk.hotspot.jre.full.win32.x86_64_14.0.2.v20200815-0932/jre/bin/server;C:/Users/Korisnik/.p2/pool/plugins/org.eclipse.justj.openjdk.hotspot.jre.full.win32.x86_64_14.0.2.v20200815-0932/jre/bin;C:\Program Files\Common Files\Oracle\Java\javapath;C:\Program Files\Java\jdk-15.0.1\bin;C:\Program Files (x86)\Common Files\Oracle\Java\javapath;C:\Users\Korisnik\Desktop\java\apache-maven-3.6.3\bin;C:\WINDOWS\system32;C:\WINDOWS;C:\WINDOWS\System32\Wbem;C:\WINDOWS\System32\WindowsPowerShell\v1.0\;C:\WINDOWS\System32\OpenSSH\;C:\minGWNovi\mingw64\bin;C:\MinGW\bin;C:\Program Files\nodejs\;C:\Program Files\dotnet\;C:\Program Files\Microsoft SQL Server\130\Tools\Binn\;C:\Program Files\Microsoft SQL Server\Client SDK\ODBC\170\Tools\Binn\;C:\Program Files\Git\cmd;C:\Program Files (x86)\Microsoft SQL Server\150\DTS\Binn\;C:\Program Files (x86)\Microsoft SQL Server\140\Tools\Binn\;C:\Program Files\Microsoft SQL Server\140\Tools\Binn\;C:\Program Files (x86)\Microsoft SQL Server\140\DTS\Binn\;C:\Program Files\Microsoft SQL Server\140\DTS\Binn\;C:\Program Files\Microsoft SQL Server\Client SDK\ODBC\130\Tools\Binn\;C:\Program Files (x86)\Microsoft SQL Server\150\Tools\Binn\;C:\Program Files\Microsoft SQL Server\150\Tools\Binn\;C:\Program Files\Microsoft SQL Server\150\DTS\Binn\;C:\Program Files\Microsoft\Web Platform Installer\;C:\Program Files (x86)\Java\javafx-sdk-15;C:\Program Files\apache-maven-3.6.3\bin;C:\Program Files\Docker\Docker\resources\bin;C:\ProgramData\DockerDesktop\version-bin;C:\Program Files\Java\jdk-15.0.1\bin;C:\Users\Korisnik\Anaconda3;C:\Users\Korisnik\Anaconda3\Library\mingw-w64\bin;C:\Users\Korisnik\Anaconda3\Library\usr\bin;C:\Users\Korisnik\Anaconda3\Library\bin;C:\Users\Korisnik\Anaconda3\Scripts;C:\Program Files\Common Files\Oracle\Java\javapath;C:\Program Files\Java\jdk-15.0.1\bin;C:\
USERNAME=Korisnik
OS=Windows_NT
PROCESSOR_IDENTIFIER=Intel64 Family 6 Model 158 Stepping 10, GenuineIntel



---------------  S Y S T E M  ---------------

OS: Windows 10 , 64 bit Build 19041 (10.0.19041.662)
OS uptime: 1 days 19:52 hours
HyperV virtualization detected

CPU:total 8 (initial active 8) (4 cores per cpu, 2 threads per core) family 6 model 158 stepping 10, cmov, cx8, fxsr, mmx, sse, sse2, sse3, ssse3, sse4.1, sse4.2, popcnt, avx, avx2, aes, clmul, erms, 3dnowpref, lzcnt, ht, tsc, tscinvbit, bmi1, bmi2, adx, fma

Memory: 4k page, system-wide physical 8081M (1881M free)
TotalPageFile size 13901M (AvailPageFile size 2228M)
current process WorkingSet (physical memory assigned to process): 80M, peak: 86M
current process commit charge ("private bytes"): 223M, peak: 228M

vm_info: OpenJDK 64-Bit Server VM (14.0.2+12-46) for windows-amd64 JRE (14.0.2+12-46), built on Jul  9 2020 00:31:16 by "mach5one" with MS VC++ 15.9 (VS2017)

END.
